<?xml version="1.0" encoding="UTF-8"?>
<!-- Generated by org.testng.reporters.JUnitReportReporter -->
<testsuite hostname="MNCTVN05589" name="test.Baseclass" tests="1" failures="0" timestamp="30 May 2020 12:52:12 GMT" time="15.358" errors="0">
  <testcase name="setUp" time="15.358" classname="test.Baseclass"/>
</testsuite> <!-- test.Baseclass -->
