<?xml version="1.0" encoding="UTF-8"?>
<!-- Generated by org.testng.reporters.JUnitReportReporter -->
<testsuite hostname="MNCTVN05589" name="test.TEST_Title" tests="1" failures="0" timestamp="30 May 2020 15:42:44 GMT" time="17.904" errors="0">
  <testcase name="title" time="17.904" classname="test.TEST_Title"/>
</testsuite> <!-- test.TEST_Title -->
