<?xml version="1.0" encoding="UTF-8"?>
<!-- Generated by org.testng.reporters.JUnitReportReporter -->
<testsuite hostname="MNCTVN05589" name="test.TEST_Login_By_Url" tests="6" failures="0" timestamp="30 May 2020 10:03:46 GMT" time="141.326" errors="0">
  <testcase name="login_notRegisteredEmail" time="24.548" classname="test.TEST_Login_By_Url"/>
  <testcase name="login_invalidEmail" time="23.417" classname="test.TEST_Login_By_Url"/>
  <testcase name="login_invalidPhone" time="23.349" classname="test.TEST_Login_By_Url"/>
  <testcase name="login_notRegisteredPhone" time="22.026" classname="test.TEST_Login_By_Url"/>
  <testcase name="login_success" time="25.057" classname="test.TEST_Login_By_Url"/>
  <testcase name="login_invalidPassword" time="22.929" classname="test.TEST_Login_By_Url"/>
</testsuite> <!-- test.TEST_Login_By_Url -->
