<?xml version="1.0" encoding="UTF-8"?>
<!-- Generated by org.testng.reporters.JUnitReportReporter -->
<testsuite hostname="MNCTVN05589" name="test.TestSuites_Login_By_Url" tests="6" failures="0" timestamp="30 May 2020 06:39:26 GMT" time="148.524" errors="0">
  <testcase name="login_notRegisteredEmail" time="19.173" classname="test.TestSuites_Login_By_Url"/>
  <testcase name="login_invalidPassword" time="22.033" classname="test.TestSuites_Login_By_Url"/>
  <testcase name="login_invalidEmail" time="21.431" classname="test.TestSuites_Login_By_Url"/>
  <testcase name="login_invalidPhone" time="34.531" classname="test.TestSuites_Login_By_Url"/>
  <testcase name="login_notRegisteredPhone" time="26.926" classname="test.TestSuites_Login_By_Url"/>
  <testcase name="login_success" time="24.430" classname="test.TestSuites_Login_By_Url"/>
</testsuite> <!-- test.TestSuites_Login_By_Url -->
