<?xml version="1.0" encoding="UTF-8"?>
<!-- Generated by org.testng.reporters.JUnitReportReporter -->
<testsuite hostname="MNCTVN05589" name="test.TEST_Title" tests="1" failures="0" timestamp="30 May 2020 15:32:52 GMT" time="13.004" errors="0">
  <testcase name="title" time="13.004" classname="test.TEST_Title"/>
</testsuite> <!-- test.TEST_Title -->
