<?xml version="1.0" encoding="UTF-8"?>
<!-- Generated by org.testng.reporters.JUnitReportReporter -->
<testsuite hostname="MNCTVN05589" name="test.Mainclass" tests="1" failures="0" timestamp="30 May 2020 06:39:26 GMT" time="11.475" errors="0">
  <testcase name="title" time="11.475" classname="test.Mainclass"/>
</testsuite> <!-- test.Mainclass -->
